<?xml version="1.0" encoding="UTF-8"?>
<!-- Generated by org.testng.reporters.JUnitReportReporter -->
<testsuite hostname="Sanjai" failures="0" tests="1" name="com.test.ApplicationUnderTest" time="0.669" errors="0" timestamp="2023-12-26T20:40:22 IST" skipped="0">
  <testcase classname="com.test.ApplicationUnderTest" name="meht" time="0.669"/>
  <system-out/>
</testsuite> <!-- com.test.ApplicationUnderTest -->
